  main.cpp
c:\users\toni\documents\github\cube-maps\src\camara.h(101): warning C4244: '=': conversión de 'double' a 'GLfloat'; posible pérdida de datos
c:\users\toni\documents\github\cube-maps\src\camara.h(102): warning C4244: '=': conversión de 'double' a 'GLfloat'; posible pérdida de datos
c:\users\toni\documents\github\cube-maps\src\camara.h(105): warning C4244: 'inicializando': conversión de 'double' a 'GLfloat'; posible pérdida de datos
c:\users\toni\documents\github\cube-maps\src\camara.h(106): warning C4244: 'inicializando': conversión de 'double' a 'GLfloat'; posible pérdida de datos
c:\users\toni\documents\github\cube-maps\src\camara.h(107): warning C4244: '=': conversión de 'double' a 'GLfloat'; posible pérdida de datos
c:\users\toni\documents\github\cube-maps\src\camara.h(108): warning C4244: '=': conversión de 'double' a 'GLfloat'; posible pérdida de datos
c:\users\toni\documents\github\cube-maps\src\camara.h(139): warning C4244: '-=': conversión de 'double' a 'GLfloat'; posible pérdida de datos
c:\users\toni\documents\github\cube-maps\src\main.cpp(47): warning C4305: 'inicializando': truncamiento de 'double' a 'float'
c:\users\toni\documents\github\cube-maps\src\main.cpp(60): warning C4305: 'argumento': truncamiento de 'double' a 'GLfloat'
c:\users\toni\documents\github\cube-maps\src\main.cpp(67): warning C4305: 'argumento': truncamiento de 'double' a 'GLfloat'
c:\users\toni\documents\github\cube-maps\src\main.cpp(536): warning C4244: 'inicializando': conversión de 'double' a 'GLfloat'; posible pérdida de datos
c:\users\toni\documents\github\cube-maps\src\main.cpp(636): warning C4305: 'argumento': truncamiento de 'double' a 'GLfloat'
c:\users\toni\documents\github\cube-maps\src\main.cpp(637): warning C4305: 'argumento': truncamiento de 'double' a 'GLfloat'
c:\users\toni\documents\github\cube-maps\src\main.cpp(644): warning C4305: 'argumento': truncamiento de 'double' a 'GLfloat'
c:\users\toni\documents\github\cube-maps\src\main.cpp(645): warning C4305: 'argumento': truncamiento de 'double' a 'GLfloat'
c:\users\toni\documents\github\cube-maps\src\main.cpp(654): warning C4305: 'argumento': truncamiento de 'double' a 'GLfloat'
c:\users\toni\documents\github\cube-maps\src\main.cpp(655): warning C4305: 'argumento': truncamiento de 'double' a 'GLfloat'
c:\users\toni\documents\github\cube-maps\src\main.cpp(666): warning C4305: 'argumento': truncamiento de 'double' a 'GLfloat'
c:\users\toni\documents\github\cube-maps\src\main.cpp(667): warning C4305: 'argumento': truncamiento de 'double' a 'GLfloat'
c:\users\toni\documents\github\cube-maps\src\main.cpp(925): warning C4305: '+=': truncamiento de 'double' a 'float'
c:\users\toni\documents\github\cube-maps\src\main.cpp(927): warning C4305: '-=': truncamiento de 'double' a 'float'
  Proyecto.vcxproj -> C:\Users\Toni\Documents\GitHub\Cube-Maps\Debug\Practica1.exe
  Proyecto.vcxproj -> C:\Users\Toni\Documents\GitHub\Cube-Maps\Debug\Practica1.pdb (Full PDB)
